<?xml version="1.0" encoding="UTF-8"?>
<testng-results ignored="0" total="1" passed="1" failed="0" skipped="0">
  <reporter-output>
  </reporter-output>
  <suite started-at="2024-06-11T04:49:21Z" name="Surefire suite" finished-at="2024-06-11T04:49:22Z" duration-ms="1165">
    <groups>
    </groups>
    <test started-at="2024-06-11T04:49:21Z" name="Surefire test" finished-at="2024-06-11T04:49:22Z" duration-ms="1165">
      <class name="MakeUpKartcart.com.SeleniumDeignsFramework.Tests.AppTest">
        <test-method signature="shouldAnswerWithTrue()" started-at="2024-06-11T04:49:22Z" name="shouldAnswerWithTrue" finished-at="2024-06-11T04:49:22Z" duration-ms="10" status="PASS">
          <reporter-output>
          </reporter-output>
        </test-method> <!-- shouldAnswerWithTrue -->
      </class> <!-- MakeUpKartcart.com.SeleniumDeignsFramework.Tests.AppTest -->
    </test> <!-- Surefire test -->
  </suite> <!-- Surefire suite -->
</testng-results>
